[2024-07-04 01:14:30.719 PM]::info::/v1/api/email/create-template::39ec2dd1-d417-4b47-9736-5fef5b0158c1::input params::POST::::{"temp_name":"HTML_EMAIL_VERIFY"}
[2024-07-04 01:14:30.735 PM]::error::/v1/api/email/create-template::39ec2dd1-d417-4b47-9736-5fef5b0158c1::undefined - NaNms - Response: {}::{"message":"verificationLink is not defined"}
[2024-07-04 01:16:19.904 PM]::info::/v1/api/email/create-template::73173ce6-679e-41eb-93f3-95f119289357::input params::POST::::{"temp_name":"HTML_EMAIL_VERIFY"}
[2024-07-04 01:17:07.792 PM]::info::/v1/api/signup/email::614d87e7-1027-42d5-a16e-eb3b060879d1::input params::POST::::{"phonenumber":"email","password":"email","name":"Shop email","gender":"nam","birthday":"18/05/2001","avatar":"","role":"SHOP","verify":"true","status":"active","email":"tdnguyen.andy@gmail.com"}
[2024-07-04 01:24:51.071 PM]::info::/v1/api/signup/email::6965ae22-03a7-4428-94ea-6787d0968fc8::input params::POST::::{"phonenumber":"email","password":"email","name":"Shop email","gender":"nam","birthday":"18/05/2001","avatar":"","role":"SHOP","verify":"true","status":"active","email":"tdnguyen.andy@gmail.com"}
[2024-07-04 01:27:38.326 PM]::info::/v1/api/signup/email::b5a118f2-8fbd-429f-9c1e-646d554d5764::input params::POST::::{"phonenumber":"email","password":"email","name":"Shop email","gender":"nam","birthday":"18/05/2001","avatar":"","role":"SHOP","verify":"true","status":"active","email":"tdnguyen.andy@gmail.com"}
[2024-07-04 01:29:10.420 PM]::info::/v1/api/signup/email::fb49b1a6-be71-4be6-9207-24a328d09665::input params::POST::::{"phonenumber":"email","password":"email","name":"Shop email","gender":"nam","birthday":"18/05/2001","avatar":"","role":"SHOP","verify":"true","status":"active","email":"tdnguyen.andy@gmail.com"}
[2024-07-04 01:29:42.972 PM]::info::/v1/api/signup/email::6a569472-d7d0-4c05-bab4-d097123fb547::input params::POST::::{"phonenumber":"email","password":"email","name":"Shop email","gender":"nam","birthday":"18/05/2001","avatar":"","role":"SHOP","verify":"true","status":"active","email":"tdnguyen.andy@gmail.com"}
[2024-07-04 01:32:41.544 PM]::info::/v1/api/signup/email::0d84a1d4-cce1-4855-9077-9255b7bce06a::input params::POST::::{"phonenumber":"email","password":"email","name":"Shop email","gender":"nam","birthday":"18/05/2001","avatar":"","role":"SHOP","verify":"true","status":"active","email":"tdnguyen.andy@gmail.com"}
[2024-07-04 01:33:04.757 PM]::info::/v1/api/signup/email::4a43f2fc-bb13-4932-9d9e-28943565bd32::input params::POST::::{"phonenumber":"email","password":"email","name":"Shop email","gender":"nam","birthday":"18/05/2001","avatar":"","role":"SHOP","verify":"true","status":"active","email":"tdnguyen.andy@gmail.com"}
[2024-07-04 01:34:42.411 PM]::info::/v1/api/signup/email::20b47eb1-0adc-425e-868a-6195c98aa2b0::input params::POST::::{"phonenumber":"email","password":"email","name":"Shop email","gender":"nam","birthday":"18/05/2001","avatar":"","role":"SHOP","verify":"true","status":"active","email":"tdnguyen.andy@gmail.com"}
[2024-07-04 01:35:39.141 PM]::info::/v1/api/signup/email::6df0c3b1-91e8-42b3-a95e-11b4878fe5b9::input params::POST::::{"phonenumber":"email","password":"email","name":"Shop email","gender":"nam","birthday":"18/05/2001","avatar":"","role":"SHOP","verify":"true","status":"active","email":"tdnguyen.andy@gmail.com"}
[2024-07-04 01:39:24.933 PM]::info::/v1/api/email/create-template::cd0f4846-1e45-4840-bfdd-2bc3b46e4673::input params::POST::::{"temp_name":"HTML_EMAIL_VERIFY"}
[2024-07-04 01:40:00.885 PM]::info::/v1/api/email/create-template::d7f78885-8c1d-4a33-a7f5-919b929ae53e::input params::POST::::{"temp_name":"HTML_EMAIL_VERIFY"}
[2024-07-04 01:40:00.896 PM]::error::/v1/api/email/create-template::d7f78885-8c1d-4a33-a7f5-919b929ae53e::undefined - NaNms - Response: {}::{"message":"verificationLink is not defined"}
[2024-07-04 01:43:25.366 PM]::info::/v1/api/email/create-template::ef312d5a-d32f-4c44-827a-53f8689a5870::input params::POST::::{"temp_name":"HTML_EMAIL_VERIFY"}
[2024-07-04 01:43:42.568 PM]::info::/v1/api/signup/email::e5580ab4-f60f-4466-8f7d-2b449b13be6c::input params::POST::::{"phonenumber":"email","password":"email","name":"Shop email","gender":"nam","birthday":"18/05/2001","avatar":"","role":"SHOP","verify":"true","status":"active","email":"tdnguyen.andy@gmail.com"}
[2024-07-04 05:09:22.590 PM]::info::/v1/api/signup/email::d0f8a8ba-472f-40bc-8762-638af6bc4b07::input params::POST::::{"phonenumber":"email","password":"email","name":"Shop email","gender":"nam","birthday":"18/05/2001","avatar":"","role":"SHOP","verify":"true","status":"active","email":"tdnguyen.andy@gmail.com"}
[2024-07-04 05:09:39.082 PM]::info::/v1/api/email/verify::08f98f29-3596-4b56-b208-ac3ebf21b351::input params::GET::::{"token":"1342546858","email":"tdnguyen.andy@gmail.com"}
[2024-07-04 05:09:39.093 PM]::error::/v1/api/email/verify::08f98f29-3596-4b56-b208-ac3ebf21b351::undefined - NaNms - Response: {}::{"message":"Cannot read properties of undefined (reading 'catch')"}
[2024-07-04 05:09:39.199 PM]::info::/favicon.ico::20141b99-91d7-4203-bc0e-271a987eaa1b::input params::GET::::{}
[2024-07-04 05:09:39.200 PM]::error::/favicon.ico::20141b99-91d7-4203-bc0e-271a987eaa1b::404 - NaNms - Response: {"status":404}::{"message":"Not Found"}
[2024-07-04 05:12:28.824 PM]::info::/v1/api/signup/email::b4451661-cc48-447e-a0e5-a2cc36a2e2b9::input params::POST::::{"phonenumber":"email","password":"email","name":"Shop email","gender":"nam","birthday":"18/05/2001","avatar":"","role":"SHOP","verify":"true","status":"active","email":"tdnguyen.andy@gmail.com"}
[2024-07-04 05:12:44.050 PM]::info::/v1/api/email/verify::1afdd943-1673-48c2-b45f-262eac16c060::input params::GET::::{"token":"944336546","email":"tdnguyen.andy@gmail.com"}
[2024-07-04 05:12:44.061 PM]::error::/v1/api/email/verify::1afdd943-1673-48c2-b45f-262eac16c060::undefined - NaNms - Response: {}::{"message":"Cannot read properties of undefined (reading 'catch')"}
[2024-07-04 05:12:44.149 PM]::info::/favicon.ico::9b64be0b-aa77-4ba7-9001-58f8dd9d45ec::input params::GET::::{}
[2024-07-04 05:12:44.151 PM]::error::/favicon.ico::9b64be0b-aa77-4ba7-9001-58f8dd9d45ec::404 - NaNms - Response: {"status":404}::{"message":"Not Found"}
[2024-07-04 05:12:58.012 PM]::info::/v1/api/email/verify::bfbdd5c2-25bf-4a9e-8e8e-e84b1524e04f::input params::GET::::{"token":"944336546","email":"tdnguyen.andy@gmail.com"}
[2024-07-04 05:12:58.024 PM]::error::/v1/api/email/verify::bfbdd5c2-25bf-4a9e-8e8e-e84b1524e04f::undefined - NaNms - Response: {}::{"message":"Cannot read properties of undefined (reading 'catch')"}
[2024-07-04 05:17:15.799 PM]::info::/v1/api/signup/email::6576d1f4-d3a7-4624-a768-4f3d9c7c8806::input params::POST::::{"phonenumber":"email","password":"email","name":"Shop email","gender":"nam","birthday":"18/05/2001","avatar":"","role":"SHOP","verify":"true","status":"active","email":"tdnguyen.andy@gmail.com"}
[2024-07-04 05:17:28.927 PM]::info::/v1/api/email/verify::25a6ef85-48f0-46bd-9d9d-0394dc334011::input params::GET::::{"token":"2660311640","email":"tdnguyen.andy@gmail.com"}
[2024-07-04 05:17:39.926 PM]::info::/v1/api/email/verify::155854fb-eee9-4a30-9c97-dc69622d727d::input params::GET::::{"token":"2660311640","email":"tdnguyen.andy@gmail.com"}
[2024-07-04 05:17:39.931 PM]::error::/v1/api/email/verify::155854fb-eee9-4a30-9c97-dc69622d727d::500 - 0ms - Response: {"status":500,"now":1720088259930}::{"message":"Error: Email Token not found"}
